0 info it worked if it ends with ok
1 verbose cli [ '/Users/ryota/.nvm/versions/node/v5.9.1/bin/node',
1 verbose cli   '/Users/ryota/.nvm/versions/node/v5.9.1/bin/npm',
1 verbose cli   'run',
1 verbose cli   'server' ]
2 info using npm@3.7.3
3 info using node@v5.9.1
4 verbose run-script [ 'preserver', 'server', 'postserver' ]
5 info lifecycle tsutillery@1.0.0~preserver: tsutillery@1.0.0
6 silly lifecycle tsutillery@1.0.0~preserver: no script for preserver, continuing
7 info lifecycle tsutillery@1.0.0~server: tsutillery@1.0.0
8 verbose lifecycle tsutillery@1.0.0~server: unsafe-perm in lifecycle true
9 verbose lifecycle tsutillery@1.0.0~server: PATH: /Users/ryota/.nvm/versions/node/v5.9.1/lib/node_modules/npm/bin/node-gyp-bin:/Users/ryota/sutillery/tsutillery/node_modules/.bin:/Users/ryota/.nvm/versions/node/v5.9.1/bin:/usr/local:/Users/ryota/.nvm/versions/node/v5.9.1/bin:/usr/local/bin:/usr/local/sbin:/usr/bin:/bin:/usr/sbin:/sbin
10 verbose lifecycle tsutillery@1.0.0~server: CWD: /Users/ryota/sutillery/tsutillery
11 silly lifecycle tsutillery@1.0.0~server: Args: [ '-c', 'node js/server/single/index' ]
12 silly lifecycle tsutillery@1.0.0~server: Returned: code: 1  signal: null
13 info lifecycle tsutillery@1.0.0~server: Failed to exec server script
14 verbose stack Error: tsutillery@1.0.0 server: `node js/server/single/index`
14 verbose stack Exit status 1
14 verbose stack     at EventEmitter.<anonymous> (/Users/ryota/.nvm/versions/node/v5.9.1/lib/node_modules/npm/lib/utils/lifecycle.js:239:16)
14 verbose stack     at emitTwo (events.js:100:13)
14 verbose stack     at EventEmitter.emit (events.js:185:7)
14 verbose stack     at ChildProcess.<anonymous> (/Users/ryota/.nvm/versions/node/v5.9.1/lib/node_modules/npm/lib/utils/spawn.js:24:14)
14 verbose stack     at emitTwo (events.js:100:13)
14 verbose stack     at ChildProcess.emit (events.js:185:7)
14 verbose stack     at maybeClose (internal/child_process.js:850:16)
14 verbose stack     at Process.ChildProcess._handle.onexit (internal/child_process.js:215:5)
15 verbose pkgid tsutillery@1.0.0
16 verbose cwd /Users/ryota/sutillery/tsutillery
17 error Darwin 15.5.0
18 error argv "/Users/ryota/.nvm/versions/node/v5.9.1/bin/node" "/Users/ryota/.nvm/versions/node/v5.9.1/bin/npm" "run" "server"
19 error node v5.9.1
20 error npm  v3.7.3
21 error code ELIFECYCLE
22 error tsutillery@1.0.0 server: `node js/server/single/index`
22 error Exit status 1
23 error Failed at the tsutillery@1.0.0 server script 'node js/server/single/index'.
23 error Make sure you have the latest version of node.js and npm installed.
23 error If you do, this is most likely a problem with the tsutillery package,
23 error not with npm itself.
23 error Tell the author that this fails on your system:
23 error     node js/server/single/index
23 error You can get information on how to open an issue for this project with:
23 error     npm bugs tsutillery
23 error Or if that isn't available, you can get their info via:
23 error     npm owner ls tsutillery
23 error There is likely additional logging output above.
24 verbose exit [ 1, true ]
